TN:
SF:C:\dev\projects\voyager_explorer\src\app.rs
FN:17,<impl Default for VoyagerApp>::default
FN:30,VoyagerApp::handle_load_wav
FN:42,VoyagerApp::handle_decode
FN:54,<impl App for VoyagerApp>::update
FNF:4
FNDA:0,<impl Default for VoyagerApp>::default
FNDA:0,VoyagerApp::handle_load_wav
FNDA:0,VoyagerApp::handle_decode
FNDA:0,<impl App for VoyagerApp>::update
DA:17,0
DA:20,0
DA:22,0
DA:30,0
DA:31,0
DA:32,0
DA:34,0
DA:36,0
DA:37,0
DA:38,0
DA:42,0
DA:43,0
DA:44,0
DA:45,0
DA:46,0
DA:47,0
DA:48,0
DA:54,0
DA:55,0
DA:56,0
DA:57,0
DA:59,0
DA:60,0
DA:63,0
DA:64,0
DA:68,0
DA:70,0
DA:71,0
DA:72,0
DA:73,0
DA:74,0
DA:76,0
DA:77,0
DA:78,0
DA:79,0
DA:80,0
DA:81,0
DA:83,0
DA:84,0
DA:85,0
DA:90,0
DA:91,0
DA:92,0
DA:93,0
DA:94,0
DA:95,0
DA:96,0
DA:97,0
DA:99,0
DA:104,0
DA:107,0
DA:108,0
DA:113,0
DA:114,0
DA:115,0
DA:117,0
LF:56
LH:0
end_of_record
TN:
SF:C:\dev\projects\voyager_explorer\src\audio.rs
FN:12,WavReader::from_file
FN:53,WavReader::get_samples
FNF:2
FNDA:0,WavReader::from_file
FNDA:0,WavReader::get_samples
DA:12,0
DA:13,0
DA:14,0
DA:16,0
DA:17,0
DA:20,0
DA:22,0
DA:25,0
DA:26,0
DA:28,0
DA:30,0
DA:32,0
DA:33,0
DA:35,0
DA:36,0
DA:37,0
DA:40,0
DA:45,0
DA:46,0
DA:47,0
DA:48,0
DA:49,0
DA:53,0
DA:54,0
DA:55,0
DA:56,0
LF:26
LH:0
end_of_record
TN:
SF:C:\dev\projects\voyager_explorer\src\image_output.rs
FN:3,image_from_pixels
FNF:1
FNDA:0,image_from_pixels
DA:3,0
DA:4,0
DA:5,0
DA:6,0
DA:8,0
DA:9,0
DA:10,0
DA:13,0
LF:8
LH:0
end_of_record
TN:
SF:C:\dev\projects\voyager_explorer\src\main.rs
FN:13,main
FNF:1
FNDA:0,main
DA:13,0
DA:14,0
DA:16,0
DA:21,0
DA:22,0
DA:24,0
DA:25,0
LF:7
LH:0
end_of_record
TN:
SF:C:\dev\projects\voyager_explorer\src\sstv.rs
FN:7,<impl Default for DecoderParams>::default
FN:18,SstvDecoder::new
FN:22,SstvDecoder::decode
FNF:3
FNDA:0,<impl Default for DecoderParams>::default
FNDA:0,SstvDecoder::new
FNDA:0,SstvDecoder::decode
DA:7,0
DA:18,0
DA:19,0
DA:22,0
DA:23,0
DA:24,0
DA:25,0
DA:27,0
DA:28,0
DA:30,0
DA:31,0
DA:32,0
DA:34,0
DA:37,0
DA:38,0
DA:41,0
LF:16
LH:0
end_of_record
